<?xml version="1.0" encoding="UTF-8"?>
<testng-results skipped="0" failed="1" ignored="0" total="7" passed="6">
  <reporter-output>
  </reporter-output>
  <suite name="Default suite" duration-ms="48081" started-at="2019-10-11T14:58:03Z" finished-at="2019-10-11T14:58:51Z">
    <groups>
    </groups>
    <test name="Default test" duration-ms="48081" started-at="2019-10-11T14:58:03Z" finished-at="2019-10-11T14:58:51Z">
      <class name="testcases.TC_CheckOutFlow">
        <test-method status="PASS" signature="navigateToHomePage()[pri:1, instance:testcases.TC_CheckOutFlow@9573584]" name="navigateToHomePage" duration-ms="5092" started-at="2019-10-11T20:28:03Z" finished-at="2019-10-11T20:28:08Z">
          <reporter-output>
          </reporter-output>
        </test-method> <!-- navigateToHomePage -->
        <test-method status="PASS" signature="selectShowToBook()[pri:2, instance:testcases.TC_CheckOutFlow@9573584]" name="selectShowToBook" duration-ms="2515" started-at="2019-10-11T20:28:08Z" finished-at="2019-10-11T20:28:11Z">
          <reporter-output>
          </reporter-output>
        </test-method> <!-- selectShowToBook -->
        <test-method status="PASS" signature="verifyTheShowPage()[pri:3, instance:testcases.TC_CheckOutFlow@9573584]" name="verifyTheShowPage" duration-ms="166" started-at="2019-10-11T20:28:11Z" finished-at="2019-10-11T20:28:11Z">
          <reporter-output>
          </reporter-output>
        </test-method> <!-- verifyTheShowPage -->
        <test-method status="PASS" signature="clickOnBookTickets()[pri:4, instance:testcases.TC_CheckOutFlow@9573584]" name="clickOnBookTickets" duration-ms="1833" started-at="2019-10-11T20:28:11Z" finished-at="2019-10-11T20:28:13Z">
          <reporter-output>
          </reporter-output>
        </test-method> <!-- clickOnBookTickets -->
        <test-method status="PASS" signature="selectDateTimeForShow()[pri:5, instance:testcases.TC_CheckOutFlow@9573584]" name="selectDateTimeForShow" duration-ms="4105" started-at="2019-10-11T20:28:13Z" finished-at="2019-10-11T20:28:17Z">
          <reporter-output>
          </reporter-output>
        </test-method> <!-- selectDateTimeForShow -->
        <test-method status="PASS" signature="verifySeatPlanLoad()[pri:6, instance:testcases.TC_CheckOutFlow@9573584]" name="verifySeatPlanLoad" duration-ms="4037" started-at="2019-10-11T20:28:17Z" finished-at="2019-10-11T20:28:21Z">
          <reporter-output>
          </reporter-output>
        </test-method> <!-- verifySeatPlanLoad -->
        <test-method status="FAIL" signature="selectSeats()[pri:7, instance:testcases.TC_CheckOutFlow@9573584]" name="selectSeats" duration-ms="30286" started-at="2019-10-11T20:28:21Z" finished-at="2019-10-11T20:28:51Z">
          <exception class="org.openqa.selenium.TimeoutException">
            <message>
              <![CDATA[Expected condition failed: waiting for element to be clickable: By.xpath: //div[contains(@id,'outer-canvas')]//div[contains(@id,'PlanCanvas')]//div[contains(@class,'ltd-seatplan__wrap')]//span[contains(@class,'ltd--hidden ltd-seatplan__tooltip')]//span[contains(@class,'ltd-seatplan__tooltip__content')]//span[contains(@class,'ltd-seatplan__tooltip__seatdetails')] (tried for 30 second(s) with 500 MILLISECONDS interval)
Build info: version: '3.7.1', revision: '8a0099a', time: '2017-11-06T21:01:39.354Z'
System info: host: 'KNOLSKAPE-L102', ip: '127.0.1.1', os.name: 'Linux', os.arch: 'amd64', os.version: '4.15.0-65-generic', java.version: '1.8.0_161'
Driver info: org.openqa.selenium.chrome.ChromeDriver
Capabilities {acceptSslCerts: true, applicationCacheEnabled: false, browserConnectionEnabled: false, browserName: chrome, chrome: {chromedriverVersion: 2.33.506092 (733a02544d189e..., userDataDir: /tmp/.org.chromium.Chromium...}, cssSelectorsEnabled: true, databaseEnabled: false, handlesAlerts: true, hasTouchScreen: false, javascriptEnabled: true, locationContextEnabled: true, mobileEmulationEnabled: false, nativeEvents: true, networkConnectionEnabled: false, pageLoadStrategy: normal, platform: LINUX, platformName: LINUX, rotatable: false, setWindowRect: true, takesHeapSnapshot: true, takesScreenshot: true, unexpectedAlertBehaviour: , unhandledPromptBehavior: , version: 64.0.3282.186, webStorageEnabled: true}
Session ID: d390c790bbe396c95d35fb94cfd3cc7d]]>
            </message>
            <full-stacktrace>
              <![CDATA[org.openqa.selenium.TimeoutException: Expected condition failed: waiting for element to be clickable: By.xpath: //div[contains(@id,'outer-canvas')]//div[contains(@id,'PlanCanvas')]//div[contains(@class,'ltd-seatplan__wrap')]//span[contains(@class,'ltd--hidden ltd-seatplan__tooltip')]//span[contains(@class,'ltd-seatplan__tooltip__content')]//span[contains(@class,'ltd-seatplan__tooltip__seatdetails')] (tried for 30 second(s) with 500 MILLISECONDS interval)
Build info: version: '3.7.1', revision: '8a0099a', time: '2017-11-06T21:01:39.354Z'
System info: host: 'KNOLSKAPE-L102', ip: '127.0.1.1', os.name: 'Linux', os.arch: 'amd64', os.version: '4.15.0-65-generic', java.version: '1.8.0_161'
Driver info: org.openqa.selenium.chrome.ChromeDriver
Capabilities {acceptSslCerts: true, applicationCacheEnabled: false, browserConnectionEnabled: false, browserName: chrome, chrome: {chromedriverVersion: 2.33.506092 (733a02544d189e..., userDataDir: /tmp/.org.chromium.Chromium...}, cssSelectorsEnabled: true, databaseEnabled: false, handlesAlerts: true, hasTouchScreen: false, javascriptEnabled: true, locationContextEnabled: true, mobileEmulationEnabled: false, nativeEvents: true, networkConnectionEnabled: false, pageLoadStrategy: normal, platform: LINUX, platformName: LINUX, rotatable: false, setWindowRect: true, takesHeapSnapshot: true, takesScreenshot: true, unexpectedAlertBehaviour: , unhandledPromptBehavior: , version: 64.0.3282.186, webStorageEnabled: true}
Session ID: d390c790bbe396c95d35fb94cfd3cc7d
	at org.openqa.selenium.support.ui.WebDriverWait.timeoutException(WebDriverWait.java:82)
	at org.openqa.selenium.support.ui.FluentWait.until(FluentWait.java:231)
	at pages.BookShow.selectSeats(BookShow.java:97)
	at testcases.TC_CheckOutFlow.selectSeats(TC_CheckOutFlow.java:59)
	at sun.reflect.NativeMethodAccessorImpl.invoke0(Native Method)
	at sun.reflect.NativeMethodAccessorImpl.invoke(NativeMethodAccessorImpl.java:62)
	at sun.reflect.DelegatingMethodAccessorImpl.invoke(DelegatingMethodAccessorImpl.java:43)
	at java.lang.reflect.Method.invoke(Method.java:498)
	at org.testng.internal.MethodInvocationHelper.invokeMethod(MethodInvocationHelper.java:108)
	at org.testng.internal.Invoker.invokeMethod(Invoker.java:661)
	at org.testng.internal.Invoker.invokeTestMethod(Invoker.java:869)
	at org.testng.internal.Invoker.invokeTestMethods(Invoker.java:1193)
	at org.testng.internal.TestMethodWorker.invokeTestMethods(TestMethodWorker.java:126)
	at org.testng.internal.TestMethodWorker.run(TestMethodWorker.java:109)
	at org.testng.TestRunner.privateRun(TestRunner.java:744)
	at org.testng.TestRunner.run(TestRunner.java:602)
	at org.testng.SuiteRunner.runTest(SuiteRunner.java:380)
	at org.testng.SuiteRunner.runSequentially(SuiteRunner.java:375)
	at org.testng.SuiteRunner.privateRun(SuiteRunner.java:340)
	at org.testng.SuiteRunner.run(SuiteRunner.java:289)
	at org.testng.SuiteRunnerWorker.runSuite(SuiteRunnerWorker.java:52)
	at org.testng.SuiteRunnerWorker.run(SuiteRunnerWorker.java:86)
	at org.testng.TestNG.runSuitesSequentially(TestNG.java:1301)
	at org.testng.TestNG.runSuitesLocally(TestNG.java:1226)
	at org.testng.TestNG.runSuites(TestNG.java:1144)
	at org.testng.TestNG.run(TestNG.java:1115)
	at org.testng.remote.AbstractRemoteTestNG.run(AbstractRemoteTestNG.java:132)
	at org.testng.remote.RemoteTestNG.initAndRun(RemoteTestNG.java:230)
	at org.testng.remote.RemoteTestNG.main(RemoteTestNG.java:76)
]]>
            </full-stacktrace>
          </exception> <!-- org.openqa.selenium.TimeoutException -->
          <reporter-output>
          </reporter-output>
        </test-method> <!-- selectSeats -->
      </class> <!-- testcases.TC_CheckOutFlow -->
    </test> <!-- Default test -->
  </suite> <!-- Default suite -->
</testng-results>
